<?xml version="1.0" encoding="UTF-8"?>
<!-- Generated by org.testng.reporters.JUnitXMLReporter -->
<testsuite hostname="DESKTOP-B3TVBDN" name="Default test" tests="10" failures="0" timestamp="10 Jun 2020 12:09:18 GMT" time="512.508" errors="0">
  <testcase name="testCase" time="39.87" classname="org.testing.testScripts.TestCaseClass"/>
  <testcase name="testCase" time="38.617" classname="org.testing.testScripts.TestCaseClass"/>
  <testcase name="testCase" time="57.557" classname="org.testing.testScripts.TestCaseClass"/>
  <testcase name="testCase" time="40.149" classname="org.testing.testScripts.TestCaseClass"/>
  <testcase name="testCase" time="51.086" classname="org.testing.testScripts.TestCaseClass"/>
  <testcase name="testCase" time="48.432" classname="org.testing.testScripts.TestCaseClass"/>
  <testcase name="testCase" time="49.578" classname="org.testing.testScripts.TestCaseClass"/>
  <testcase name="testCase" time="63.526" classname="org.testing.testScripts.TestCaseClass"/>
  <testcase name="testCase" time="41.99" classname="org.testing.testScripts.TestCaseClass"/>
  <testcase name="testCase" time="47.476" classname="org.testing.testScripts.TestCaseClass"/>
</testsuite> <!-- Default test -->
